0 info it worked if it ends with ok
1 verbose cli [ '/Users/Stijn/.nvm/versions/node/v5.5.0/bin/node',
1 verbose cli   '/Users/Stijn/.nvm/versions/node/v5.5.0/bin/npm',
1 verbose cli   'version',
1 verbose cli   'minor' ]
2 info using npm@3.3.12
3 info using node@v5.5.0
4 info git [ 'status', '--porcelain' ]
5 verbose stack Error: Git working directory not clean.
5 verbose stack M assets/AniManager/AniManager.js
5 verbose stack M assets/AniManager/AnimationStep.js
5 verbose stack M assets/EZIScript.js
5 verbose stack M assets/Elemental/Elemental.js
5 verbose stack M assets/Interacter/Interacter.js
5 verbose stack M ezi-bundle.js
5 verbose stack AM ezi-module.js
5 verbose stack M ezi-script.js
5 verbose stack M package.json
5 verbose stack M webpack.config.js
5 verbose stack     at /Users/Stijn/.nvm/versions/node/v5.5.0/lib/node_modules/npm/lib/version.js:172:21
5 verbose stack     at ChildProcess.exithandler (child_process.js:204:7)
5 verbose stack     at emitTwo (events.js:100:13)
5 verbose stack     at ChildProcess.emit (events.js:185:7)
5 verbose stack     at maybeClose (internal/child_process.js:821:16)
5 verbose stack     at Socket.<anonymous> (internal/child_process.js:319:11)
5 verbose stack     at emitOne (events.js:90:13)
5 verbose stack     at Socket.emit (events.js:182:7)
5 verbose stack     at Pipe._onclose (net.js:469:12)
6 verbose cwd /Applications/MAMP/htdocs/eziscript/ezi
7 error Darwin 15.3.0
8 error argv "/Users/Stijn/.nvm/versions/node/v5.5.0/bin/node" "/Users/Stijn/.nvm/versions/node/v5.5.0/bin/npm" "version" "minor"
9 error node v5.5.0
10 error npm  v3.3.12
11 error Git working directory not clean.
11 error M assets/AniManager/AniManager.js
11 error M assets/AniManager/AnimationStep.js
11 error M assets/EZIScript.js
11 error M assets/Elemental/Elemental.js
11 error M assets/Interacter/Interacter.js
11 error M ezi-bundle.js
11 error AM ezi-module.js
11 error M ezi-script.js
11 error M package.json
11 error M webpack.config.js
12 error If you need help, you may report this error at:
12 error     <https://github.com/npm/npm/issues>
13 verbose exit [ 1, true ]
